mode: atomic
github.com/briandowns/hashknife/hashknife-api/config/config.go:22.34,24.16 2 3
github.com/briandowns/hashknife/hashknife-api/config/config.go:28.2,28.18 1 3
github.com/briandowns/hashknife/hashknife-api/config/config.go:24.16,26.3 1 0
github.com/briandowns/hashknife/hashknife-api/config/config.go:33.56,35.16 2 1
github.com/briandowns/hashknife/hashknife-api/config/config.go:38.2,39.54 2 1
github.com/briandowns/hashknife/hashknife-api/config/config.go:42.2,42.16 1 1
github.com/briandowns/hashknife/hashknife-api/config/config.go:35.16,37.3 1 0
github.com/briandowns/hashknife/hashknife-api/config/config.go:39.54,41.3 1 0
