mode: atomic
github.com/briandowns/hashknife/hashknife-api/endpoints/user.go:26.52,28.2 1 0
github.com/briandowns/hashknife/hashknife-api/endpoints/user.go:61.89,63.9 2 0
github.com/briandowns/hashknife/hashknife-api/endpoints/user.go:67.2,67.54 1 0
github.com/briandowns/hashknife/hashknife-api/endpoints/user.go:63.9,65.3 1 0
github.com/briandowns/hashknife/hashknife-api/endpoints/user.go:71.87,73.9 2 0
github.com/briandowns/hashknife/hashknife-api/endpoints/user.go:77.2,77.52 1 0
github.com/briandowns/hashknife/hashknife-api/endpoints/user.go:73.9,75.3 1 0
github.com/briandowns/hashknife/hashknife-api/endpoints/user.go:81.88,83.9 2 0
github.com/briandowns/hashknife/hashknife-api/endpoints/user.go:87.2,87.53 1 0
github.com/briandowns/hashknife/hashknife-api/endpoints/user.go:83.9,85.3 1 0
github.com/briandowns/hashknife/hashknife-api/endpoints/endpoints.go:29.88,35.2 1 2
github.com/briandowns/hashknife/hashknife-api/endpoints/endpoints.go:38.39,40.2 1 1
github.com/briandowns/hashknife/hashknife-api/endpoints/endpoints.go:43.58,47.22 2 0
github.com/briandowns/hashknife/hashknife-api/endpoints/endpoints.go:52.2,52.34 1 0
github.com/briandowns/hashknife/hashknife-api/endpoints/endpoints.go:47.22,48.37 1 0
github.com/briandowns/hashknife/hashknife-api/endpoints/endpoints.go:48.37,50.4 1 0
github.com/briandowns/hashknife/hashknife-api/endpoints/endpoints.go:56.67,59.54 3 0
github.com/briandowns/hashknife/hashknife-api/endpoints/endpoints.go:59.54,60.13 1 0
github.com/briandowns/hashknife/hashknife-api/endpoints/endpoints.go:66.40,71.2 1 1
github.com/briandowns/hashknife/hashknife-api/endpoints/healthcheck.go:22.60,24.2 1 1
github.com/briandowns/hashknife/hashknife-api/endpoints/healthcheck.go:27.92,29.2 1 1
github.com/briandowns/hashknife/hashknife-api/endpoints/package.go:27.58,29.2 1 0
github.com/briandowns/hashknife/hashknife-api/endpoints/package.go:72.90,74.9 2 0
github.com/briandowns/hashknife/hashknife-api/endpoints/package.go:78.2,78.51 1 0
github.com/briandowns/hashknife/hashknife-api/endpoints/package.go:74.9,76.3 1 0
github.com/briandowns/hashknife/hashknife-api/endpoints/package.go:82.91,84.9 2 0
github.com/briandowns/hashknife/hashknife-api/endpoints/package.go:88.2,88.52 1 0
github.com/briandowns/hashknife/hashknife-api/endpoints/package.go:84.9,86.3 1 0
github.com/briandowns/hashknife/hashknife-api/endpoints/package.go:92.90,94.9 2 0
github.com/briandowns/hashknife/hashknife-api/endpoints/package.go:98.2,98.51 1 0
github.com/briandowns/hashknife/hashknife-api/endpoints/package.go:94.9,96.3 1 0
github.com/briandowns/hashknife/hashknife-api/endpoints/package.go:102.91,104.9 2 0
github.com/briandowns/hashknife/hashknife-api/endpoints/package.go:108.2,108.48 1 0
github.com/briandowns/hashknife/hashknife-api/endpoints/package.go:104.9,106.3 1 0
github.com/briandowns/hashknife/hashknife-api/endpoints/profile.go:25.58,27.2 1 0
github.com/briandowns/hashknife/hashknife-api/endpoints/profile.go:50.92,52.9 2 0
github.com/briandowns/hashknife/hashknife-api/endpoints/profile.go:56.2,56.53 1 0
github.com/briandowns/hashknife/hashknife-api/endpoints/profile.go:52.9,54.3 1 0
github.com/briandowns/hashknife/hashknife-api/endpoints/profile.go:60.90,62.9 2 0
github.com/briandowns/hashknife/hashknife-api/endpoints/profile.go:66.2,66.51 1 0
github.com/briandowns/hashknife/hashknife-api/endpoints/profile.go:62.9,64.3 1 0
